<testsuites id="" name="" tests="1" failures="0" skipped="0" errors="0" time="16.689499">
<testsuite name="employee-payslip-test.spec.ts" timestamp="2025-09-13T08:02:20.094Z" hostname="chromium-stable" tests="1" failures="0" skipped="0" time="14.318" errors="0">
<testcase name="당사자(허상원) 정산서 조회 테스트" classname="employee-payslip-test.spec.ts" time="14.318">
<system-out>
<![CDATA[🧪 당사자(허상원) 정산서 조회 테스트 시작
📄 로그인 페이지 접근 완료
✅ 허상원 전화번호 입력 완료
✅ 허상원 비밀번호 입력 완료
✅ 로그인 버튼 클릭
✅ 허상원 로그인 완료
✅ 정산서 페이지 접근 완료
📄 정산서 페이지 내용 확인
✅ 정산서 목록 확인됨
✅ 정산서 테이블 발견
📊 테이블 행 수: 7개
📋 첫 번째 행 내용: 9-187.5시간1,099,962원generated-상세보기인쇄
📅 정산 기간: 9-1
💰 총 지급액: 1,099,962원
📊 상태: generated
✅ 정산서 상세보기 버튼 클릭
❌ 정산서 상세 모달이 열리지 않음
❌ 인쇄 버튼을 찾을 수 없음
📸 허상원 정산서 페이지 스크린샷 저장
🎉 당사자(허상원) 정산서 조회 테스트 완료
]]>
</system-out>
</testcase>
</testsuite>
</testsuites>