<testsuites id="" name="" tests="1" failures="0" skipped="0" errors="0" time="15.845621">
<testsuite name="attendance_debug_test.spec.ts" timestamp="2025-09-14T01:25:29.937Z" hostname="chromium-stable" tests="1" failures="0" skipped="0" time="13.967" errors="0">
<testcase name="출근 체크 디버그 테스트 › 김탁수 출근 체크 후 콘솔 로그 확인" classname="attendance_debug_test.spec.ts" time="13.967">
<system-out>
<![CDATA[🚀 김탁수 출근 체크 디버그 테스트 시작...

👤 김탁수 로그인...
🔍 콘솔: ✅ 로그인 성공 - localStorage에 사용자 정보 저장됨
🔍 콘솔: ✅ getCurrentUser - localStorage에서 사용자 정보 로드됨

📱 출근 체크 페이지 접근...
🔍 콘솔: Multiple GoTrueClient instances detected in the same browser context. It is not an error, but this should be avoided as it may produce undefined behavior when used concurrently under the same storage key.
🔍 콘솔: 🚀 개인별 출근 관리 페이지 마운트됨
🔍 콘솔: 👤 사용자 정보: {id: 74d076b8-ffad-4103-8346-127aff1f1305, employee_id: MASLABS-001, email: maslabs-001@maslabs.kr, name: 김탁수, phone: 010-6669-9000}
🔍 콘솔: ✅ 사용자 정보 설정 완료: MASLABS-001
🔍 콘솔: 📅 오늘 스케줄 조회 시작...
🔍 콘솔: 📅 오늘 날짜: 2025-09-14 사용자 ID: MASLABS-001
🔍 콘솔: ✅ 오늘 스케줄 조회 성공: 0 개
🔍 콘솔: 📊 스케줄 데이터: []
🔍 콘솔: 🔍 attendance 테이블에서 오늘 출근 상태 확인...
🔍 콘솔: ✅ attendance 데이터 조회 성공: {id: 23285241-33d4-4739-9416-b3ee6f2170b8, employee_id: 74d076b8-ffad-4103-8346-127aff1f1305, date: 2025-09-14, check_in_time: 01:25:01, check_out_time: null}
🔍 콘솔: ✅ attendance 기반 출근 상태 설정 완료: {hasCheckedIn: true, hasCheckedOut: false, checkInTime: 01:25:01, checkOutTime: null}
🔍 콘솔: 📅 월간 조회 기간: 2025-09-01 ~ 2025-09-30
🔍 콘솔: === 급여 계산 함수 시작 ===
🔍 콘솔: currentUser: null
🔍 콘솔: todaySchedules.length: 0
🔍 콘솔: ❌ currentUser가 없습니다.
🔍 콘솔: ✅ 월간 기록 조회 성공: 0 개
🔍 콘솔: 📊 월간 데이터: []
🔍 콘솔: 🔄 로딩 상태 해제
🔍 콘솔: ✅ 모든 데이터 로딩 완료
🔍 콘솔: === 급여 계산 함수 시작 ===
🔍 콘솔: currentUser: null
🔍 콘솔: todaySchedules.length: 0
🔍 콘솔: ❌ currentUser가 없습니다.

🔍 콘솔 로그 분석...
📊 attendance 관련 콘솔 로그:
   1. 🚀 개인별 출근 관리 페이지 마운트됨
   2. 📅 오늘 스케줄 조회 시작...
   3. ✅ 오늘 스케줄 조회 성공: 0 개
   4. 📊 스케줄 데이터: []
   5. 🔍 attendance 테이블에서 오늘 출근 상태 확인...
   6. ✅ attendance 데이터 조회 성공: {id: 23285241-33d4-4739-9416-b3ee6f2170b8, employee_id: 74d076b8-ffad-4103-8346-127aff1f1305, date: 2025-09-14, check_in_time: 01:25:01, check_out_time: null}
   7. ✅ attendance 기반 출근 상태 설정 완료: {hasCheckedIn: true, hasCheckedOut: false, checkInTime: 01:25:01, checkOutTime: null}
   8. 📅 월간 조회 기간: 2025-09-01 ~ 2025-09-30
   9. ✅ 월간 기록 조회 성공: 0 개
   10. 📊 월간 데이터: []
   11. ✅ 모든 데이터 로딩 완료

🔍 현재 출근 상태 확인...
✅ 퇴근 체크 버튼이 보입니다 (상태 유지됨)

🔍 페이지 소스에서 출근 시간 정보 찾기...
✅ 페이지에 출근 시간 정보가 있습니다

🔍 네트워크 요청 확인...
📊 네트워크 요청 수: 0

🔍 localStorage 확인...
📊 localStorage 상태:
   isLoggedIn: true
   currentEmployee: 있음
📸 디버그 테스트 결과 스크린샷 저장

🎯 디버그 테스트 완료!
==================================================
✅ 콘솔 로그 수집 완료
✅ 출근 상태 확인 완료
✅ 네트워크 요청 확인 완료
✅ localStorage 확인 완료
]]>
</system-out>
</testcase>
</testsuite>
</testsuites>