<testsuites id="" name="" tests="1" failures="1" skipped="0" errors="0" time="2481.552639">
<testsuite name="supabase-sql-execution.spec.ts" timestamp="2025-09-23T16:15:02.141Z" hostname="chromium-stable" tests="1" failures="1" skipped="0" time="2479.913" errors="0">
<testcase name="Supabase SQL 실행 - 알림 설정 테이블 생성" classname="supabase-sql-execution.spec.ts" time="2479.913">
<failure message="supabase-sql-execution.spec.ts:3:5 Supabase SQL 실행 - 알림 설정 테이블 생성" type="FAILURE">
<![CDATA[  [chromium-stable] › supabase-sql-execution.spec.ts:3:5 › Supabase SQL 실행 - 알림 설정 테이블 생성 ──────────

    Error: page.goto: Target page, context or browser has been closed

       5 |   
       6 |   // 1. Supabase 대시보드로 이동
    >  7 |   await page.goto('https://supabase.com/dashboard');
         |              ^
       8 |   await page.waitForLoadState('networkidle');
       9 |   
      10 |   // 2. 로그인 확인 (이미 로그인되어 있다고 가정)
        at /Users/m2/MASLABS/www.maslabs.kr/tests/supabase-sql-execution.spec.ts:7:14
]]>
</failure>
<system-out>
<![CDATA[🚀 Supabase SQL 실행 테스트 시작
]]>
</system-out>
<system-err>
<![CDATA[(node:22442) Warning: The 'NO_COLOR' env is ignored due to the 'FORCE_COLOR' env being set.
(Use `node --trace-warnings ...` to show where the warning was created)
]]>
</system-err>
</testcase>
</testsuite>
</testsuites>