<testsuites id="" name="" tests="1" failures="1" skipped="0" errors="0" time="7.912304">
<testsuite name="schedules-time-slot-missing.spec.ts" timestamp="2025-09-02T23:20:18.388Z" hostname="chromium-stable" tests="1" failures="1" skipped="0" time="6.009" errors="0">
<testcase name="시간대별 근무현황에서 9-10 시간대 누락 원인 확인" classname="schedules-time-slot-missing.spec.ts" time="6.009">
<failure message="schedules-time-slot-missing.spec.ts:3:5 시간대별 근무현황에서 9-10 시간대 누락 원인 확인" type="FAILURE">
<![CDATA[  [chromium-stable] › schedules-time-slot-missing.spec.ts:3:5 › 시간대별 근무현황에서 9-10 시간대 누락 원인 확인 ──────

    Error: locator.isVisible: Error: strict mode violation: locator('div:has-text("9-10")') resolved to 9 elements:
        1) <div class="min-h-screen bg-gradient-to-br from-blue-50 to-indigo-100 p-4 sm:p-6">…</div> aka locator('div').filter({ hasText: '새 스케줄 추가김탁수 (WHA' }).first()
        2) <div class="max-w-4xl mx-auto bg-white rounded-3xl shadow-xl p-6 sm:p-8">…</div> aka getByText('새 스케줄 추가김탁수 (WHA')
        3) <div class="grid grid-cols-1 xl:grid-cols-2 gap-6 lg:gap-8">…</div> aka getByText('근무 날짜시작 시간종료 시간메모 (선택 사항)취소스케줄 추가2025년 09월 03일 (수) 기존 스케줄허상원근무 시간09:00 - 17:30')
        4) <div class="order-1 xl:order-2">…</div> aka getByText('년 09월 03일 (수) 기존 스케줄허상원근무 시간09:00 - 17:30총 근무7.5시간📝 관리자가 추가함📅 15')
        5) <div class="mt-6">…</div> aka getByText('시간대별 근무자 현황9-100명오전 근무10-112')
        6) <div class="grid grid-cols-2 sm:grid-cols-3 lg:grid-cols-4 gap-3">…</div> aka getByText('9-100명오전 근무10-112')
        7) <div class="p-3 rounded-xl border-2 transition-all duration-200 hover:scale-105 cursor-pointer bg-gray-50">…</div> aka locator('div').filter({ hasText: /^9-100명오전 근무$/ }).first()
        8) <div class="text-center">…</div> aka getByText('-100명오전 근무')
        9) <div class="font-bold text-lg mb-1">9-10</div> aka getByText('-10')

    Call log:
        - checking visibility of locator('div:has-text("9-10")')


      88 |       
      89 |       const nineTenCard = page.locator('div:has-text("9-10")');
    > 90 |       if (await nineTenCard.isVisible()) {
         |                             ^
      91 |         console.log('✅ 9-10 시간대가 정상적으로 표시됩니다');
      92 |       } else {
      93 |         console.log('❌ 9-10 시간대가 표시되지 않습니다');
        at /Users/m2/MASLABS/www.maslabs.kr/tests/schedules-time-slot-missing.spec.ts:90:29

    attachment #1: screenshot (image/png) ──────────────────────────────────────────────────────────
    ../test-results/schedules-time-slot-missing-시간대별-근무현황에서-9-10-시간대-누락-원인-확인-chromium-stable/test-failed-1.png
    ────────────────────────────────────────────────────────────────────────────────────────────────

    attachment #2: video (video/webm) ──────────────────────────────────────────────────────────────
    ../test-results/schedules-time-slot-missing-시간대별-근무현황에서-9-10-시간대-누락-원인-확인-chromium-stable/video.webm
    ────────────────────────────────────────────────────────────────────────────────────────────────

    Error Context: ../test-results/schedules-time-slot-missing-시간대별-근무현황에서-9-10-시간대-누락-원인-확인-chromium-stable/error-context.md
]]>
</failure>
<system-out>
<![CDATA[=== 9-10 시간대 누락 원인 확인 테스트 시작 ===
=== 1. timeSlots 배열 확인 ===
✅ 09:00.*9-10 패턴 발견
❌ 10:00.*10-11 패턴 누락
✅ 11:00.*11-12 패턴 발견
❌ 12:00.*12-1 패턴 누락
❌ 13:00.*1-2 패턴 누락
❌ 14:00.*2-3 패턴 누락
❌ 15:00.*3-4 패턴 누락
✅ 16:00.*4-5 패턴 발견
❌ 17:00.*5-6 패턴 누락
=== 2. 시간대별 근무자 현황 섹션 확인 ===
✅ 시간대별 근무자 현황 섹션이 표시됩니다
시간대별 카드 수: [33m9[39m
=== 시간대별 카드 상세 분석 ===
시간대 1:
  - 라벨: 9-10
  - 근무자: 0명
  - 설명: 오전 근무
🎯 9-10 시간대를 찾았습니다!
시간대 2:
  - 라벨: 10-11
  - 근무자: 2명
  - 설명: 오전 근무
시간대 3:
  - 라벨: 11-12
  - 근무자: 2명
  - 설명: 오전 근무
시간대 4:
  - 라벨: 12-1
  - 근무자: 3명
  - 설명: 점심시간 (전화/업무 가능)
시간대 5:
  - 라벨: 1-2
  - 근무자: 1명
  - 설명: 오후 근무
시간대 6:
  - 라벨: 2-3
  - 근무자: 3명
  - 설명: 오후 근무
시간대 7:
  - 라벨: 3-4
  - 근무자: 3명
  - 설명: 오후 근무
시간대 8:
  - 라벨: 4-5
  - 근무자: 3명
  - 설명: 오후 근무
시간대 9:
  - 라벨: 5-6
  - 근무자: 2명
  - 설명: 오후 근무
=== 3. 9-10 시간대 누락 확인 ===

[[ATTACHMENT|test-results/schedules-time-slot-missing-시간대별-근무현황에서-9-10-시간대-누락-원인-확인-chromium-stable/test-failed-1.png]]

[[ATTACHMENT|test-results/schedules-time-slot-missing-시간대별-근무현황에서-9-10-시간대-누락-원인-확인-chromium-stable/video.webm]]

[[ATTACHMENT|test-results/schedules-time-slot-missing-시간대별-근무현황에서-9-10-시간대-누락-원인-확인-chromium-stable/error-context.md]]
]]>
</system-out>
</testcase>
</testsuite>
</testsuites>