<testsuites id="" name="" tests="3" failures="0" skipped="0" errors="0" time="14.483312">
<testsuite name="break_status_test.spec.ts" timestamp="2025-09-14T11:21:48.608Z" hostname="chromium-stable" tests="3" failures="0" skipped="0" time="32.223" errors="0">
<testcase name="휴식 상태 표시 기능 테스트 › 김탁수 출근 페이지 상태 확인" classname="break_status_test.spec.ts" time="10.2">
<system-out>
<![CDATA[🔍 김탁수 출근 페이지 상태 확인 테스트 시작...
✅ 김탁수 로그인 완료
✅ 출근 관리 페이지 접속 완료
🔍 현재 상태 확인...
🔍 버튼 상태 확인:
  - 출근 체크 버튼: 안보임
  - 퇴근 체크 버튼: 안보임
  - 휴식 시작 버튼: 안보임
  - 휴식 후 복귀 버튼: 안보임
🔍 상태 관련 텍스트 0개 발견:
✅ 출근 페이지 상태 확인 테스트 완료
]]>
</system-out>
</testcase>
<testcase name="휴식 상태 표시 기능 테스트 › 관리자 페이지에서 휴식 상태 확인" classname="break_status_test.spec.ts" time="9.608">
<system-out>
<![CDATA[🔍 관리자 페이지 휴식 상태 확인 테스트 시작...
✅ 김탁수 로그인 완료
🔍 관리자 페이지 접속...
✅ 출근 관리 페이지 직접 접속 완료
🔍 휴식 중 카드 확인...
ℹ️ 휴식 중 카드가 보이지 않음 (현재 휴식 중인 직원이 없음)
🔍 김탁수 상태 확인...
ℹ️ 김탁수 행이 보이지 않음
🔍 전체 요약 카드 확인...
✅ 총 0개의 요약 카드 발견
✅ 관리자 페이지 휴식 상태 확인 테스트 완료
]]>
</system-out>
</testcase>
<testcase name="휴식 상태 표시 기능 테스트 › 휴식 시작부터 복귀까지 전체 플로우 테스트" classname="break_status_test.spec.ts" time="12.415">
<system-out>
<![CDATA[🔍 휴식 전체 플로우 테스트 시작...
✅ 김탁수 로그인 완료
🔍 현재 상태 확인...
ℹ️ 휴식 시작 버튼이 보이지 않음
🔍 관리자 페이지에서 최종 상태 확인...
✅ 휴식 전체 플로우 테스트 완료
]]>
</system-out>
</testcase>
</testsuite>
</testsuites>