<testsuites id="" name="" tests="1" failures="0" skipped="0" errors="0" time="7.372133">
<testsuite name="dom-structure-debug.spec.ts" timestamp="2025-09-20T08:27:15.658Z" hostname="chromium-stable" tests="1" failures="0" skipped="0" time="5.555" errors="0">
<testcase name="DOM 구조 디버그 › 테이블 렌더링 문제 분석" classname="dom-structure-debug.spec.ts" time="5.555">
<system-out>
<![CDATA[🔍 DOM 구조 분석 시작
📊 DOM 분석 결과:
   테이블 개수: 0
   tbody 개수: 0
   로딩 요소 개수: 0
   스케줄 관련 텍스트: []
🏁 DOM 구조 분석 완료
]]>
</system-out>
<system-err>
<![CDATA[(node:22793) Warning: The 'NO_COLOR' env is ignored due to the 'FORCE_COLOR' env being set.
(Use `node --trace-warnings ...` to show where the warning was created)
]]>
</system-err>
</testcase>
</testsuite>
</testsuites>