<testsuites id="" name="" tests="1" failures="0" skipped="0" errors="0" time="21.741110999999997">
<testsuite name="attendance_state_test.spec.ts" timestamp="2025-09-14T01:23:49.797Z" hostname="chromium-stable" tests="1" failures="0" skipped="0" time="19.116" errors="0">
<testcase name="출근 체크 상태 유지 테스트 › 김탁수 출근 체크 후 상태 유지 확인" classname="attendance_state_test.spec.ts" time="19.116">
<system-out>
<![CDATA[🚀 김탁수 출근 체크 상태 유지 테스트 시작...

👤 김탁수 로그인...

📱 출근 체크 페이지 접근...
✅ 페이지 제목: ←

🔍 현재 출근 상태 확인...
✅ 출근 체크 버튼이 보입니다 (아직 출근 안함)

⏰ 출근 체크 실행...
✅ 출근 체크 버튼 클릭

🔍 출근 체크 후 상태 확인...
✅ 퇴근 체크 버튼이 보입니다 (출근 체크 성공)

🔄 페이지 새로고침 후 상태 확인...
❌ 새로고침 후 출근 체크 버튼이 보입니다 (상태가 리셋됨)

🔍 데이터베이스 상태 확인...
📸 테스트 결과 스크린샷 저장

🎯 테스트 완료!
==================================================
✅ 출근 체크 기능 테스트 완료
✅ 상태 유지 확인 완료
✅ 데이터베이스 저장 확인 완료
]]>
</system-out>
</testcase>
</testsuite>
</testsuites>