<testsuites id="" name="" tests="1" failures="0" skipped="0" errors="0" time="21.571013">
<testsuite name="complete-settlement-system-test.spec.ts" timestamp="2025-09-12T10:09:36.876Z" hostname="chromium-stable" tests="1" failures="0" skipped="0" time="17.793" errors="0">
<testcase name="완전한 정산 시스템 테스트" classname="complete-settlement-system-test.spec.ts" time="17.793">
<system-out>
<![CDATA[🧪 완전한 정산 시스템 테스트 시작
✅ 허상원 비밀번호 입력 완료
✅ 로그인 버튼 클릭
✅ 정산서 페이지 접근 완료
✅ 정산서 테이블 발견
📊 정산서 개수: 7개
  1. 2025-08-287.5시간1,137,500원발급완료2025. 9. 12.상세보기인쇄
  2. 2025-08-133.5시간435,500원발급완료2025. 9. 12.상세보기인쇄
  3. 2025-07-321시간273,000원발급완료2025. 9. 12.상세보기인쇄
  4. 2025-07-246시간598,000원발급완료2025. 9. 12.상세보기인쇄
  5. 2025-07-144.5시간578,500원발급완료2025. 9. 12.상세보기인쇄
  6. 2025-06-127시간358,000원발급완료2025. 9. 12.상세보기인쇄
  7. 2025-0887.5시간1,137,500원발급완료2025. 9. 12.상세보기인쇄
✅ 예상 정산서 개수 확인됨 (6개 이상)
🔍 상세보기 버튼 개수: 7개
✅ 첫 번째 정산서 상세보기 클릭
✅ 정산서 상세 모달 열림
📄 정산서 헤더: 급여 명세서
👤 직원 정보: 직원명허상원정산기간2025-08-2고용형태파트타임
📊 정산 요약: 총 근무시간87.5시간총 지급액1,137,500원
✅ 정산서 상세 모달 닫기
✅ 파트타임 정산 관리 페이지 접근 완료
📋 사용 가능한 직원 옵션들: [ [32m'직원을 선택하세요'[39m ]
❌ 허상원 옵션을 찾을 수 없음
📸 완전한 정산 시스템 스크린샷 저장
🎉 완전한 정산 시스템 테스트 완료
]]>
</system-out>
</testcase>
</testsuite>
</testsuites>