<testsuites id="" name="" tests="1" failures="1" skipped="0" errors="0" time="61.701015">
<testsuite name="attendance_final_test.spec.ts" timestamp="2025-09-14T01:52:09.084Z" hostname="chromium-stable" tests="1" failures="1" skipped="0" time="60.112" errors="0">
<testcase name="최종 출근 체크 테스트 › 김탁수 새로운 출근 체크 후 정확한 근무 시간 확인" classname="attendance_final_test.spec.ts" time="60.112">
<failure message="attendance_final_test.spec.ts:4:7 김탁수 새로운 출근 체크 후 정확한 근무 시간 확인" type="FAILURE">
<![CDATA[  [chromium-stable] › attendance_final_test.spec.ts:4:7 › 최종 출근 체크 테스트 › 김탁수 새로운 출근 체크 후 정확한 근무 시간 확인 

    Test timeout of 60000ms exceeded.

    Error: page.waitForTimeout: Test timeout of 60000ms exceeded.

      66 |     // 6. 1분 대기 후 근무 시간 확인
      67 |     console.log('\n⏳ 1분 대기 후 근무 시간 확인...');
    > 68 |     await page.waitForTimeout(60000); // 1분 대기
         |                ^
      69 |     
      70 |     const workTimeElementAfter = page.locator('text=총 근무:').first();
      71 |     if (await workTimeElementAfter.isVisible()) {
        at /Users/m2/MASLABS/www.maslabs.kr/tests/attendance_final_test.spec.ts:68:16

    attachment #1: screenshot (image/png) ──────────────────────────────────────────────────────────
    ../test-results/attendance_final_test-최종-출-6ee0f-탁수-새로운-출근-체크-후-정확한-근무-시간-확인-chromium-stable/test-failed-1.png
    ────────────────────────────────────────────────────────────────────────────────────────────────

    attachment #2: video (video/webm) ──────────────────────────────────────────────────────────────
    ../test-results/attendance_final_test-최종-출-6ee0f-탁수-새로운-출근-체크-후-정확한-근무-시간-확인-chromium-stable/video.webm
    ────────────────────────────────────────────────────────────────────────────────────────────────

    Error Context: ../test-results/attendance_final_test-최종-출-6ee0f-탁수-새로운-출근-체크-후-정확한-근무-시간-확인-chromium-stable/error-context.md
]]>
</failure>
<system-out>
<![CDATA[🚀 최종 출근 체크 테스트 시작...

👤 김탁수 로그인...
🔍 콘솔: ✅ 로그인 성공 - localStorage에 사용자 정보 저장됨
🔍 콘솔: ✅ getCurrentUser - localStorage에서 사용자 정보 로드됨

📱 출근 체크 페이지 접근...
🔍 콘솔: Multiple GoTrueClient instances detected in the same browser context. It is not an error, but this should be avoided as it may produce undefined behavior when used concurrently under the same storage key.
🔍 콘솔: 🚀 개인별 출근 관리 페이지 마운트됨
🔍 콘솔: 👤 사용자 정보: {id: 74d076b8-ffad-4103-8346-127aff1f1305, employee_id: MASLABS-001, email: maslabs-001@maslabs.kr, name: 김탁수, phone: 010-6669-9000}
🔍 콘솔: ✅ 사용자 정보 설정 완료: MASLABS-001
🔍 콘솔: 📅 오늘 스케줄 조회 시작...
🔍 콘솔: 📅 오늘 날짜: 2025-09-14 사용자 ID: MASLABS-001
🔍 콘솔: ✅ 오늘 스케줄 조회 성공: 0 개
🔍 콘솔: 📊 스케줄 데이터: []
🔍 콘솔: 🔍 attendance 테이블에서 오늘 출근 상태 확인...
🔍 콘솔: Failed to load resource: the server responded with a status of 406 ()
🔍 콘솔: 📝 오늘 attendance 데이터 없음
🔍 콘솔: 📅 월간 조회 기간: 2025-09-01 ~ 2025-09-30
🔍 콘솔: === 급여 계산 함수 시작 ===
🔍 콘솔: currentUser: null
🔍 콘솔: todaySchedules.length: 0
🔍 콘솔: ❌ currentUser가 없습니다.
🔍 콘솔: ✅ 월간 기록 조회 성공: 0 개
🔍 콘솔: 📊 월간 데이터: []
🔍 콘솔: 🔄 로딩 상태 해제
🔍 콘솔: ✅ 모든 데이터 로딩 완료
🔍 콘솔: === 급여 계산 함수 시작 ===
🔍 콘솔: currentUser: null
🔍 콘솔: todaySchedules.length: 0
🔍 콘솔: ❌ currentUser가 없습니다.

⏰ 출근 체크 실행...
🔍 콘솔: 📝 오늘 스케줄이 없어서 schedules 테이블 업데이트 건너뜀
✅ 출근 체크 버튼 클릭
🔍 콘솔: ✅ attendance 테이블에 출근 기록 저장 완료
🔍 콘솔: 📅 오늘 날짜: 2025-09-14 사용자 ID: MASLABS-001
🔍 콘솔: ✅ 오늘 스케줄 조회 성공: 0 개
🔍 콘솔: 📊 스케줄 데이터: []

🔍 출근 시간 확인...
📅 출근 시간: 출근: 09/14 19:52

⏱️ 출근 체크 직후 근무 시간 확인...

⏳ 1분 대기 후 근무 시간 확인...

[[ATTACHMENT|test-results/attendance_final_test-최종-출-6ee0f-탁수-새로운-출근-체크-후-정확한-근무-시간-확인-chromium-stable/test-failed-1.png]]

[[ATTACHMENT|test-results/attendance_final_test-최종-출-6ee0f-탁수-새로운-출근-체크-후-정확한-근무-시간-확인-chromium-stable/video.webm]]

[[ATTACHMENT|test-results/attendance_final_test-최종-출-6ee0f-탁수-새로운-출근-체크-후-정확한-근무-시간-확인-chromium-stable/error-context.md]]
]]>
</system-out>
</testcase>
</testsuite>
</testsuites>