<testsuites id="" name="" tests="1" failures="0" skipped="0" errors="0" time="11.688986000000002">
<testsuite name="payslip-debug-test.spec.ts" timestamp="2025-09-12T09:44:32.883Z" hostname="chromium-stable" tests="1" failures="0" skipped="0" time="9.703" errors="0">
<testcase name="정산서 페이지 디버깅 테스트" classname="payslip-debug-test.spec.ts" time="9.703">
<system-out>
<![CDATA[🔍 정산서 페이지 디버깅 테스트 시작
✅ 정산서 페이지 접근 완료
📄 페이지 내용 길이: [33m8157[39m
📋 정산서 관련 요소 0개 발견
📊 테이블 0개 발견
🔘 버튼 0개 발견
👤 허상원 관련 요소 0개 발견
💰 금액 관련 요소 0개 발견
📸 정산서 페이지 전체 스크린샷 저장
브라우저 콘솔: Failed to load resource: the server responded with a status of 404 ()
🌐 네트워크 요청: [
  {
    url: [32m'https://www.maslabs.kr/payslips'[39m,
    status: [33m404[39m,
    statusText: [32m''[39m
  }
]
🎉 정산서 페이지 디버깅 테스트 완료
]]>
</system-out>
</testcase>
</testsuite>
</testsuites>