<testsuites id="" name="" tests="1" failures="0" skipped="0" errors="0" time="15.813197">
<testsuite name="kim_reset_and_checkin_test.spec.ts" timestamp="2025-09-14T08:38:48.316Z" hostname="chromium-stable" tests="1" failures="0" skipped="0" time="14.016" errors="0">
<testcase name="김탁수 출근 기록 초기화 및 새 출근 체크 테스트 › 김탁수 출근 기록 삭제 후 새로운 출근 체크" classname="kim_reset_and_checkin_test.spec.ts" time="14.016">
<system-out>
<![CDATA[🚀 김탁수 출근 기록 초기화 및 새 출근 체크 테스트 시작...

👤 김탁수 로그인...
🔍 콘솔: ✅ 로그인 성공 - localStorage에 사용자 정보 저장됨
🔍 콘솔: ✅ getCurrentUser - localStorage에서 사용자 정보 로드됨

📱 출근 체크 페이지 접근...
🔍 콘솔: Multiple GoTrueClient instances detected in the same browser context. It is not an error, but this should be avoided as it may produce undefined behavior when used concurrently under the same storage key.
🔍 콘솔: 🚀 개인별 출근 관리 페이지 마운트됨
🔍 콘솔: 👤 사용자 정보: {id: 74d076b8-ffad-4103-8346-127aff1f1305, employee_id: MASLABS-001, email: maslabs-001@maslabs.kr, name: 김탁수, phone: 010-6669-9000}
🔍 콘솔: ✅ 사용자 정보 설정 완료: MASLABS-001
🔍 콘솔: 📅 오늘 스케줄 조회 시작...
🔍 콘솔: 📅 오늘 날짜: 2025-09-14 사용자 ID: MASLABS-001
🔍 콘솔: ✅ 오늘 스케줄 조회 성공: 0 개
🔍 콘솔: 📊 스케줄 데이터: []
🔍 콘솔: 🔍 attendance 테이블에서 오늘 출근 상태 확인...
🔍 콘솔: ✅ attendance 데이터 조회 성공: {id: 6e6630ff-2fc2-4f93-8672-12699f92029d, employee_id: 74d076b8-ffad-4103-8346-127aff1f1305, date: 2025-09-14, check_in_time: 10:52:23, check_out_time: 15:46:50}
🔍 콘솔: ✅ attendance 기반 출근 상태 설정 완료: {hasCheckedIn: true, hasCheckedOut: true, checkInTime: 2025-09-14T10:52:23, checkOutTime: 2025-09-14T15:46:50, totalWorkTime: 4h 54m}
🔍 콘솔: 📅 월간 조회 기간: 2025-09-01 ~ 2025-09-30
🔍 콘솔: === 급여 계산 함수 시작 ===
🔍 콘솔: currentUser: null
🔍 콘솔: todaySchedules.length: 0
🔍 콘솔: ❌ currentUser가 없습니다.
🔍 콘솔: ✅ 월간 기록 조회 성공: 0 개
🔍 콘솔: 📊 월간 데이터: []
🔍 콘솔: 🔄 로딩 상태 해제
🔍 콘솔: ✅ 모든 데이터 로딩 완료
🔍 콘솔: === 급여 계산 함수 시작 ===
🔍 콘솔: currentUser: null
🔍 콘솔: todaySchedules.length: 0
🔍 콘솔: ❌ currentUser가 없습니다.

🔍 현재 출근 상태 확인...

⏰ 기존 퇴근 기록 확인...
❌ 퇴근 체크 버튼이 보이지 않음

⏰ 출근 체크 버튼 찾기...
❌ 출근 체크 버튼이 보이지 않음 - 이미 출근한 상태

🔍 위치 정보 관련 콘솔 로그 분석...
📊 위치 정보 관련 콘솔 로그:
   1. 🔍 attendance 테이블에서 오늘 출근 상태 확인...
   2. ✅ attendance 데이터 조회 성공: {id: 6e6630ff-2fc2-4f93-8672-12699f92029d, employee_id: 74d076b8-ffad-4103-8346-127aff1f1305, date: 2025-09-14, check_in_time: 10:52:23, check_out_time: 15:46:50}
   3. ✅ attendance 기반 출근 상태 설정 완료: {hasCheckedIn: true, hasCheckedOut: true, checkInTime: 2025-09-14T10:52:23, checkOutTime: 2025-09-14T15:46:50, totalWorkTime: 4h 54m}

🔍 attendance 데이터 관련 로그 분석...
📊 attendance 데이터 관련 콘솔 로그:
   1. 🔍 attendance 테이블에서 오늘 출근 상태 확인...
   2. ✅ attendance 데이터 조회 성공: {id: 6e6630ff-2fc2-4f93-8672-12699f92029d, employee_id: 74d076b8-ffad-4103-8346-127aff1f1305, date: 2025-09-14, check_in_time: 10:52:23, check_out_time: 15:46:50}
   3. ✅ attendance 기반 출근 상태 설정 완료: {hasCheckedIn: true, hasCheckedOut: true, checkInTime: 2025-09-14T10:52:23, checkOutTime: 2025-09-14T15:46:50, totalWorkTime: 4h 54m}
📸 김탁수 출근 기록 초기화 및 새 출근 체크 테스트 결과 스크린샷 저장

🎯 김탁수 출근 기록 초기화 및 새 출근 체크 테스트 완료!
==================================================
✅ 현재 상태 확인 완료
✅ 위치 정보 로그 확인 완료
✅ attendance 데이터 로그 확인 완료
]]>
</system-out>
</testcase>
</testsuite>
</testsuites>