<testsuites id="" name="" tests="1" failures="0" skipped="0" errors="0" time="19.604644">
<testsuite name="admin-attendance-final-diagnosis.spec.ts" timestamp="2025-09-03T05:57:36.361Z" hostname="chromium-stable" tests="1" failures="0" skipped="0" time="17.222" errors="0">
<testcase name="관리자 출근 관리 최종 진단 테스트" classname="admin-attendance-final-diagnosis.spec.ts" time="17.222">
<system-out>
<![CDATA[=== 관리자 출근 관리 최종 진단 테스트 시작 ===
=== 1. 대시보드에서 팀 관리 기능의 출근 관리로 이동 ===
팀 관리 기능 섹션 존재: [33mtrue[39m
출근 관리 카드 수: [33m2[39m
팀 관리 기능 출근 관리 카드 내용: 출근 관리직원 출근체크 위치/시간 확인
팀 관리 기능 출근 관리 카드 클릭...
✅ 관리자 출근 관리 페이지로 이동 성공
=== 2. 페이지 로딩 및 디버깅 로그 수집 ===
=== 3. 콘솔 로그 수집 ===
콘솔 메시지 수: [33m0[39m
=== 4. 요약 카드 상태 확인 ===
출근 완료: 0명
근무 중: 0명
미출근: 0명
=== 5. 테이블 데이터 확인 ===
테이블 행 수: [33m0[39m
❌ 테이블에 여전히 데이터가 없습니다.
테이블 헤더 수: [33m9[39m
  헤더 1: 직원 정보
  헤더 2: 스케줄
  헤더 3: 실제 출근
  헤더 4: 점심 휴식
  헤더 5: 실제 퇴근
  헤더 6: 근무 시간
  헤더 7: 위치
  헤더 8: 상태
  헤더 9: 액션
=== 6. 데이터베이스 진단 결과 확인 ===
❌ 데이터베이스 진단 로직이 실행되지 않았습니다.
=== 7. 최종 스크린샷 저장 ===
✅ 최종 진단 테스트 스크린샷 저장
=== 관리자 출근 관리 최종 진단 테스트 완료 ===
]]>
</system-out>
</testcase>
</testsuite>
</testsuites>