<testsuites id="" name="" tests="1" failures="0" skipped="0" errors="0" time="4.700177">
<testsuite name="schedules-simple-check.spec.ts" timestamp="2025-09-02T23:29:35.819Z" hostname="chromium-stable" tests="1" failures="0" skipped="0" time="2.608" errors="0">
<testcase name="시간대별 카드 구조 간단 확인" classname="schedules-simple-check.spec.ts" time="2.608">
<system-out>
<![CDATA[=== 시간대별 카드 구조 확인 시작 ===
✅ 시간대별 근무자 현황 섹션이 표시됩니다
시간대별 카드 수: [33m9[39m
=== 첫 번째 카드 구조 분석 ===
첫 번째 카드 HTML: <div class="text-center"><div class="font-bold text-lg mb-1 text-blue-600 bg-blue-50 px-2 py-1 rounded-lg">9-10<span class="ml-1 text-xs bg-blue-200 text-blue-800 px-1 py-0.5 rounded">시작</span></div><div class="text-2xl font-bold mb-1 text-gray-400">0명</div><div class="text-xs text-gray-400">스케줄 없음</div></div>
=== 9-10 시간대 카드 찾기 ===
🎯 9-10 시간대 카드 발견! (인덱스: 0)
카드 텍스트: 9-10시작0명스케줄 없음
9-10 시간대 근무자 수: 0명
9-10 시간대 설명: 스케줄 없음
=== 모든 시간대 라벨 확인 ===
발견된 시간대 라벨: [
  [32m'9-10시작'[39m, [32m'10-11'[39m,
  [32m'11-12'[39m,    [32m'12-1'[39m,
  [32m'1-2'[39m,      [32m'2-3'[39m,
  [32m'3-4'[39m,      [32m'4-5'[39m,
  [32m'5-6'[39m
]
❌ 9-10 시간대가 포함되어 있지 않습니다
누락된 시간대: [
  [32m'10-11'[39m, [32m'11-12'[39m,
  [32m'12-1'[39m,  [32m'1-2'[39m,
  [32m'2-3'[39m,   [32m'3-4'[39m,
  [32m'4-5'[39m,   [32m'5-6'[39m
]
=== 6. 스크린샷 저장 ===
✅ 스크린샷이 저장되었습니다: playwright-report/schedules-simple-check.png
=== 시간대별 카드 구조 확인 완료 ===
]]>
</system-out>
</testcase>
</testsuite>
</testsuites>