<testsuites id="" name="" tests="1" failures="0" skipped="0" errors="0" time="7.30421">
<testsuite name="hourly-wages-fix-test.spec.ts" timestamp="2025-09-12T08:59:36.394Z" hostname="chromium-stable" tests="1" failures="0" skipped="0" time="5.883" errors="0">
<testcase name="시급관리 오류 수정 테스트 › 시급 수정 오류 진단 및 수정" classname="hourly-wages-fix-test.spec.ts" time="5.883">
<system-out>
<![CDATA[🔧 시급 수정 오류 진단 테스트 시작
✅ 관리자 로그인 및 시급관리 페이지 접근 완료
🔍 페이지 내용 확인
📄 페이지 제목: 💰 시급 관리
📊 테이블 행 수: [33m3[39m
📋 행 1: 최형호MASLABS-00412,000원수당 없음undefined배수당 없음2025-08-08
📋 행 2: 하상희MASLABS-00612,000원수당 없음undefined배수당 없음2025-08-07
📋 행 3: 최형호MASLABS-00413,000원수당 없음undefined배수당 없음2025-08-01
🔍 허상원 시급 수정 시도
❌ 허상원 행을 찾을 수 없음 - 새 시급 등록 시도
✅ 새 시급 등록 섹션 발견
✅ 직원 선택 드롭다운 발견
📋 드롭다운 옵션 수: [33m3[39m
  옵션 0: 직원을 선택하세요
  옵션 1: 하상희 (MASLABS-006)
  옵션 2: 허상원 (MASLABS-003)
✅ 허상원 선택: 허상원 (MASLABS-003)
✅ 기본 시급 13000원 입력
✅ 시급 등록 버튼 클릭
✅ 페이지 새로고침
📊 새로고침 후 테이블 행 수: [33m3[39m
📋 새 행 1: 최형호MASLABS-00412,000원수당 없음undefined배수당 없음2025-08-08
📋 새 행 2: 하상희MASLABS-00612,000원수당 없음undefined배수당 없음2025-08-07
📋 새 행 3: 최형호MASLABS-00413,000원수당 없음undefined배수당 없음2025-08-01
❌ 시급 등록 후에도 허상원 행을 찾을 수 없음
❌ 발견된 오류:
  - [error] Failed to load resource: the server responded with a status of 400 ()
  - [error] 시급 등록 오류: {code: 22007, details: null, hint: null, message: invalid input syntax for type date: ""}
]]>
</system-out>
</testcase>
</testsuite>
</testsuites>