<testsuites id="" name="" tests="1" failures="0" skipped="0" errors="0" time="50.697994">
<testsuite name="attendance_fresh_test.spec.ts" timestamp="2025-09-14T01:41:03.123Z" hostname="chromium-stable" tests="1" failures="0" skipped="0" time="48.725" errors="0">
<testcase name="새로운 출근 체크 테스트 › 김탁수 새로운 출근 체크 후 한국 시간 확인" classname="attendance_fresh_test.spec.ts" time="48.725">
<system-out>
<![CDATA[🚀 새로운 출근 체크 테스트 시작...

👤 김탁수 로그인...
🔍 콘솔: ✅ 로그인 성공 - localStorage에 사용자 정보 저장됨
🔍 콘솔: ✅ getCurrentUser - localStorage에서 사용자 정보 로드됨

📱 출근 체크 페이지 접근...
🔍 콘솔: Multiple GoTrueClient instances detected in the same browser context. It is not an error, but this should be avoided as it may produce undefined behavior when used concurrently under the same storage key.
🔍 콘솔: 🚀 개인별 출근 관리 페이지 마운트됨
🔍 콘솔: 👤 사용자 정보: {id: 74d076b8-ffad-4103-8346-127aff1f1305, employee_id: MASLABS-001, email: maslabs-001@maslabs.kr, name: 김탁수, phone: 010-6669-9000}
🔍 콘솔: ✅ 사용자 정보 설정 완료: MASLABS-001
🔍 콘솔: 📅 오늘 스케줄 조회 시작...
🔍 콘솔: 📅 오늘 날짜: 2025-09-14 사용자 ID: MASLABS-001
🔍 콘솔: ✅ 오늘 스케줄 조회 성공: 0 개
🔍 콘솔: 📊 스케줄 데이터: []
🔍 콘솔: 🔍 attendance 테이블에서 오늘 출근 상태 확인...
🔍 콘솔: Failed to load resource: the server responded with a status of 406 ()
🔍 콘솔: 📝 오늘 attendance 데이터 없음
🔍 콘솔: 📅 월간 조회 기간: 2025-09-01 ~ 2025-09-30
🔍 콘솔: === 급여 계산 함수 시작 ===
🔍 콘솔: currentUser: null
🔍 콘솔: todaySchedules.length: 0
🔍 콘솔: ❌ currentUser가 없습니다.
🔍 콘솔: ✅ 월간 기록 조회 성공: 0 개
🔍 콘솔: 📊 월간 데이터: []
🔍 콘솔: 🔄 로딩 상태 해제
🔍 콘솔: ✅ 모든 데이터 로딩 완료
🔍 콘솔: === 급여 계산 함수 시작 ===
🔍 콘솔: currentUser: null
🔍 콘솔: todaySchedules.length: 0
🔍 콘솔: ❌ currentUser가 없습니다.

🕐 현재 시간 확인...
📅 현재 시스템 시간: 2025년 09월 14일

⏰ 출근 체크 실행...
🔍 콘솔: 📝 오늘 스케줄이 없어서 schedules 테이블 업데이트 건너뜀
✅ 출근 체크 버튼 클릭
🔍 콘솔: ✅ attendance 테이블에 출근 기록 저장 완료
🔍 콘솔: 📅 오늘 날짜: 2025-09-14 사용자 ID: MASLABS-001
🔍 콘솔: ✅ 오늘 스케줄 조회 성공: 0 개
🔍 콘솔: 📊 스케줄 데이터: []

🔍 출근 시간 확인...
📅 출근 시간: 출근: 09/14 19:41
❌ 출근 시간이 한국 시간이 아닐 수 있음

⏱️ 실시간 근무 시간 확인...
📊 근무 시간 표시: 오늘 근무 시간
📊 실제 근무 시간: 실제 근무 시간

⏳ 30초 대기 후 근무 시간 변화 확인...
📊 30초 후 근무 시간: 오늘 근무 시간

🔍 콘솔 로그에서 시간 관련 메시지 확인...
📊 시간 관련 콘솔 로그:
   1. 🔍 attendance 테이블에서 오늘 출근 상태 확인...
   2. 📝 오늘 attendance 데이터 없음
   3. ✅ attendance 테이블에 출근 기록 저장 완료
📸 새로운 출근 체크 테스트 결과 스크린샷 저장

🎯 새로운 출근 체크 테스트 완료!
==================================================
✅ 새로운 출근 체크 시간 확인 완료
✅ 실시간 근무 시간 계산 확인 완료
✅ 한국 시간 적용 확인 완료
]]>
</system-out>
</testcase>
</testsuite>
</testsuites>