<testsuites id="" name="" tests="1" failures="0" skipped="0" errors="0" time="17.217693">
<testsuite name="admin_time_fix_test.spec.ts" timestamp="2025-09-15T23:47:02.088Z" hostname="chromium-stable" tests="1" failures="0" skipped="0" time="14.925" errors="0">
<testcase name="Admin Page Time Display Fix Test › 관리자 페이지에서 김탁수 출근 시간 확인" classname="admin_time_fix_test.spec.ts" time="14.925">
<system-out>
<![CDATA[✅ 로그인 성공
✅ 관리자 페이지 로딩 완료
김탁수 실제 출근 시간: 실제 출근08:17위치 없음
✅ 김탁수 출근 시간 형식 확인
김탁수 위치 정보: 위치 없음
✅ 위치 정보 확인
김탁수 상태: 근무중
✅ 상태 확인
🎉 관리자 페이지 시간 표시 수정 확인 완료!
]]>
</system-out>
</testcase>
</testsuite>
</testsuites>