<testsuites id="" name="" tests="1" failures="0" skipped="0" errors="0" time="8.171079">
<testsuite name="attendance-real-time-data-test.spec.ts" timestamp="2025-09-04T22:52:59.345Z" hostname="chromium-stable" tests="1" failures="0" skipped="0" time="7.464" errors="0">
<testcase name="출근 관리 급여 정보 및 실시간 데이터 확인 › 실시간 데이터 업데이트 확인" classname="attendance-real-time-data-test.spec.ts" time="7.464">
<system-out>
<![CDATA[=== 실시간 데이터 업데이트 확인 테스트 시작 ===
시간 표시 요소 개수: [33m1[39m
✅ 실시간 시간 업데이트가 확인됩니다.
=== 실시간 데이터 업데이트 확인 테스트 완료 ===
]]>
</system-out>
</testcase>
</testsuite>
</testsuites>