<testsuites id="" name="" tests="1" failures="0" skipped="0" errors="0" time="4.800260000000001">
<testsuite name="schedules-ux-ui-issues.spec.ts" timestamp="2025-09-02T23:09:55.663Z" hostname="chromium-stable" tests="1" failures="0" skipped="0" time="2.97" errors="0">
<testcase name="스케줄 표시 UX/UI 문제점 확인 및 개선 방안 제시" classname="schedules-ux-ui-issues.spec.ts" time="2.97">
<system-out>
<![CDATA[=== 스케줄 UX/UI 문제점 확인 테스트 시작 ===
=== 1. 기존 스케줄 섹션 분석 ===
✅ 기존 스케줄 섹션이 표시됩니다
스케줄 카드 수: [33m40[39m
=== 개별 스케줄 카드 분석 ===
스케줄 1: 허상원 - 09:00 - 09:30 (승인됨)
스케줄 2: 최형호 - 09:00 - 09:30 (승인됨)
스케줄 3: 최형호 - 09:30 - 10:00 (승인됨)
스케줄 4: 허상원 - 09:30 - 10:00 (승인됨)
스케줄 5: 최형호 - 10:00 - 10:30 (승인됨)
스케줄 6: 허상원 - 10:00 - 10:30 (승인됨)
스케줄 7: 최형호 - 10:30 - 11:00 (승인됨)
스케줄 8: 허상원 - 10:30 - 11:00 (승인됨)
스케줄 9: 최형호 - 11:00 - 11:30 (승인됨)
스케줄 10: 하상희 - 11:00 - 11:30 (승인됨)
스케줄 11: 허상원 - 11:00 - 11:30 (승인됨)
스케줄 12: 허상원 - 11:30 - 12:00 (승인됨)
스케줄 13: 하상희 - 11:30 - 12:00 (승인됨)
스케줄 14: 최형호 - 11:30 - 12:00 (승인됨)
스케줄 15: 하상희 - 12:00 - 12:30 (승인됨)
스케줄 16: 하상희 - 12:30 - 13:00 (승인됨)
스케줄 17: 하상희 - 13:00 - 13:30 (승인됨)
스케줄 18: 최형호 - 13:00 - 13:30 (승인됨)
스케줄 19: 허상원 - 13:00 - 13:30 (승인됨)
스케줄 20: 하상희 - 13:30 - 14:00 (승인됨)
스케줄 21: 허상원 - 13:30 - 14:00 (승인됨)
스케줄 22: 최형호 - 13:30 - 14:00 (승인됨)
스케줄 23: 허상원 - 14:00 - 14:30 (승인됨)
스케줄 24: 하상희 - 14:00 - 14:30 (승인됨)
스케줄 25: 최형호 - 14:00 - 14:30 (승인됨)
스케줄 26: 허상원 - 14:30 - 15:00 (승인됨)
스케줄 27: 최형호 - 14:30 - 15:00 (승인됨)
스케줄 28: 하상희 - 14:30 - 15:00 (승인됨)
스케줄 29: 허상원 - 15:00 - 15:30 (승인됨)
스케줄 30: 하상희 - 15:00 - 15:30 (승인됨)
스케줄 31: 최형호 - 15:00 - 15:30 (승인됨)
스케줄 32: 하상희 - 15:30 - 16:00 (승인됨)
스케줄 33: 허상원 - 15:30 - 16:00 (승인됨)
스케줄 34: 최형호 - 15:30 - 16:00 (승인됨)
스케줄 35: 허상원 - 16:00 - 16:30 (승인됨)
스케줄 36: 최형호 - 16:00 - 16:30 (승인됨)
스케줄 37: 최형호 - 16:30 - 17:00 (승인됨)
스케줄 38: 허상원 - 16:30 - 17:00 (승인됨)
스케줄 39: 허상원 - 17:00 - 17:30 (승인됨)
스케줄 40: 최형호 - 17:00 - 17:30 (승인됨)
=== 2. 중복 스케줄 패턴 분석 ===
=== 3. 연속 시간대 중복 분석 ===
📋 허상원의 스케줄: [
  [32m'09:00 - 09:30'[39m, [32m'09:30 - 10:00'[39m,
  [32m'10:00 - 10:30'[39m, [32m'10:30 - 11:00'[39m,
  [32m'11:00 - 11:30'[39m, [32m'11:30 - 12:00'[39m,
  [32m'13:00 - 13:30'[39m, [32m'13:30 - 14:00'[39m,
  [32m'14:00 - 14:30'[39m, [32m'14:30 - 15:00'[39m,
  [32m'15:00 - 15:30'[39m, [32m'15:30 - 16:00'[39m,
  [32m'16:00 - 16:30'[39m, [32m'16:30 - 17:00'[39m,
  [32m'17:00 - 17:30'[39m
]
⚠️ 연속 시간대 발견: 허상원 - 09:00 - 09:30 → 09:30 - 10:00
⚠️ 연속 시간대 발견: 허상원 - 09:30 - 10:00 → 10:00 - 10:30
⚠️ 연속 시간대 발견: 허상원 - 10:00 - 10:30 → 10:30 - 11:00
⚠️ 연속 시간대 발견: 허상원 - 10:30 - 11:00 → 11:00 - 11:30
⚠️ 연속 시간대 발견: 허상원 - 11:00 - 11:30 → 11:30 - 12:00
⚠️ 연속 시간대 발견: 허상원 - 13:00 - 13:30 → 13:30 - 14:00
⚠️ 연속 시간대 발견: 허상원 - 13:30 - 14:00 → 14:00 - 14:30
⚠️ 연속 시간대 발견: 허상원 - 14:00 - 14:30 → 14:30 - 15:00
⚠️ 연속 시간대 발견: 허상원 - 14:30 - 15:00 → 15:00 - 15:30
⚠️ 연속 시간대 발견: 허상원 - 15:00 - 15:30 → 15:30 - 16:00
⚠️ 연속 시간대 발견: 허상원 - 15:30 - 16:00 → 16:00 - 16:30
⚠️ 연속 시간대 발견: 허상원 - 16:00 - 16:30 → 16:30 - 17:00
⚠️ 연속 시간대 발견: 허상원 - 16:30 - 17:00 → 17:00 - 17:30
📋 최형호의 스케줄: [
  [32m'09:00 - 09:30'[39m, [32m'09:30 - 10:00'[39m,
  [32m'10:00 - 10:30'[39m, [32m'10:30 - 11:00'[39m,
  [32m'11:00 - 11:30'[39m, [32m'11:30 - 12:00'[39m,
  [32m'13:00 - 13:30'[39m, [32m'13:30 - 14:00'[39m,
  [32m'14:00 - 14:30'[39m, [32m'14:30 - 15:00'[39m,
  [32m'15:00 - 15:30'[39m, [32m'15:30 - 16:00'[39m,
  [32m'16:00 - 16:30'[39m, [32m'16:30 - 17:00'[39m,
  [32m'17:00 - 17:30'[39m
]
⚠️ 연속 시간대 발견: 최형호 - 09:00 - 09:30 → 09:30 - 10:00
⚠️ 연속 시간대 발견: 최형호 - 09:30 - 10:00 → 10:00 - 10:30
⚠️ 연속 시간대 발견: 최형호 - 10:00 - 10:30 → 10:30 - 11:00
⚠️ 연속 시간대 발견: 최형호 - 10:30 - 11:00 → 11:00 - 11:30
⚠️ 연속 시간대 발견: 최형호 - 11:00 - 11:30 → 11:30 - 12:00
⚠️ 연속 시간대 발견: 최형호 - 13:00 - 13:30 → 13:30 - 14:00
⚠️ 연속 시간대 발견: 최형호 - 13:30 - 14:00 → 14:00 - 14:30
⚠️ 연속 시간대 발견: 최형호 - 14:00 - 14:30 → 14:30 - 15:00
⚠️ 연속 시간대 발견: 최형호 - 14:30 - 15:00 → 15:00 - 15:30
⚠️ 연속 시간대 발견: 최형호 - 15:00 - 15:30 → 15:30 - 16:00
⚠️ 연속 시간대 발견: 최형호 - 15:30 - 16:00 → 16:00 - 16:30
⚠️ 연속 시간대 발견: 최형호 - 16:00 - 16:30 → 16:30 - 17:00
⚠️ 연속 시간대 발견: 최형호 - 16:30 - 17:00 → 17:00 - 17:30
📋 하상희의 스케줄: [
  [32m'11:00 - 11:30'[39m,
  [32m'11:30 - 12:00'[39m,
  [32m'12:00 - 12:30'[39m,
  [32m'12:30 - 13:00'[39m,
  [32m'13:00 - 13:30'[39m,
  [32m'13:30 - 14:00'[39m,
  [32m'14:00 - 14:30'[39m,
  [32m'14:30 - 15:00'[39m,
  [32m'15:00 - 15:30'[39m,
  [32m'15:30 - 16:00'[39m
]
⚠️ 연속 시간대 발견: 하상희 - 11:00 - 11:30 → 11:30 - 12:00
⚠️ 연속 시간대 발견: 하상희 - 11:30 - 12:00 → 12:00 - 12:30
⚠️ 연속 시간대 발견: 하상희 - 12:00 - 12:30 → 12:30 - 13:00
⚠️ 연속 시간대 발견: 하상희 - 12:30 - 13:00 → 13:00 - 13:30
⚠️ 연속 시간대 발견: 하상희 - 13:00 - 13:30 → 13:30 - 14:00
⚠️ 연속 시간대 발견: 하상희 - 13:30 - 14:00 → 14:00 - 14:30
⚠️ 연속 시간대 발견: 하상희 - 14:00 - 14:30 → 14:30 - 15:00
⚠️ 연속 시간대 발견: 하상희 - 14:30 - 15:00 → 15:00 - 15:30
⚠️ 연속 시간대 발견: 하상희 - 15:00 - 15:30 → 15:30 - 16:00
=== 4. 시간대별 근무자 현황 분석 ===
✅ 시간대별 근무자 현황 섹션이 표시됩니다
시간대별 버튼 수: [33m0[39m
❌ 시간대별 버튼을 찾을 수 없습니다
=== 6. UX/UI 개선 방안 제시 ===
🔧 개선 방안 1: 스케줄 표시 방식 개선
- 연속 시간대 통합: 16:30-17:30으로 표시
- 중복 제거: 같은 사람의 연속 스케줄을 하나로 묶기
- 시간 범위 표시: 시작-종료 시간을 명확하게 표시
🔧 개선 방안 2: 시간대별 현황 정확성 개선
- 30분 단위와 1시간 단위 일치: 데이터 정합성 확보
- 실제 근무 시간 반영: 시작-종료 시간 기준으로 정확한 계산
- 시각적 개선: 색상, 아이콘 등을 활용한 직관적 표시
🔧 개선 방안 3: 전체적인 UX 개선
- 스케줄 그룹화: 같은 사람의 연속 스케줄을 시각적으로 그룹화
- 시간대 필터링: 특정 시간대만 보기 기능
- 스케줄 편집: 직접 클릭하여 수정 가능한 인터페이스
=== 7. 스크린샷 저장 ===
✅ 스크린샷이 저장되었습니다: playwright-report/schedules-ux-ui-issues.png
=== 스케줄 UX/UI 문제점 확인 테스트 완료 ===
]]>
</system-out>
</testcase>
</testsuite>
</testsuites>