<testsuites id="" name="" tests="1" failures="0" skipped="0" errors="0" time="16.419401">
<testsuite name="final_admin_test.spec.ts" timestamp="2025-09-15T23:39:57.788Z" hostname="chromium-stable" tests="1" failures="0" skipped="0" time="14.762" errors="0">
<testcase name="Final Admin Page Test › 김탁수 로그인 후 관리자 페이지 및 출근 페이지 확인" classname="final_admin_test.spec.ts" time="14.762">
<system-out>
<![CDATA[✅ 로그인 성공
✅ 관리자 페이지 제목 확인
✅ 요약 카드들 확인
✅ 테이블 헤더 확인
출근 시간: 출근: 09/16 08:17
✅ 출근 시간 형식 확인
현재 시간: 오늘 근무 시간
✅ 현재 시간 표시 확인
🎉 모든 테스트 통과!
]]>
</system-out>
</testcase>
</testsuite>
</testsuites>