<testsuites id="" name="" tests="1" failures="0" skipped="0" errors="0" time="6.794782">
<testsuite name="tasks-page-test.spec.ts" timestamp="2025-09-21T01:40:52.223Z" hostname="chromium-stable" tests="1" failures="0" skipped="0" time="4.89" errors="0">
<testcase name="업무 기록 페이지 접근 테스트" classname="tasks-page-test.spec.ts" time="4.89">
<system-out>
<![CDATA[🔍 업무 기록 페이지 접근 테스트 시작
✅ 업무 기록 페이지 접근 테스트 완료
]]>
</system-out>
<system-err>
<![CDATA[(node:46179) Warning: The 'NO_COLOR' env is ignored due to the 'FORCE_COLOR' env being set.
(Use `node --trace-warnings ...` to show where the warning was created)
]]>
</system-err>
</testcase>
</testsuite>
</testsuites>