<testsuites id="" name="" tests="4" failures="4" skipped="0" errors="0" time="19.563015">
<testsuite name="chromium-nightly-performance.spec.ts" timestamp="2025-09-18T17:09:05.696Z" hostname="chromium-stable" tests="4" failures="4" skipped="0" time="39.78" errors="0">
<testcase name="Chromium Nightly Performance Tests › should load page with optimal performance" classname="chromium-nightly-performance.spec.ts" time="15.749">
<failure message="chromium-nightly-performance.spec.ts:18:7 should load page with optimal performance" type="FAILURE">
<![CDATA[  [chromium-stable] › chromium-nightly-performance.spec.ts:18:7 › Chromium Nightly Performance Tests › should load page with optimal performance 

    Error: expect(page).toHaveTitle(expected) failed

    Expected pattern: /MASLABS/
    Received string:  "Login – Vercel"
    Timeout: 10000ms

    Call log:
      - Expect "toHaveTitle" with timeout 10000ms
        14 × unexpected value "Login – Vercel"


      28 |     
      29 |     // 페이지 제목 확인
    > 30 |     await expect(page).toHaveTitle(/MASLABS/);
         |                        ^
      31 |   });
      32 |
      33 |   test('should measure memory usage', async ({ page }) => {
        at /Users/m2/MASLABS/www.maslabs.kr/tests/chromium-nightly-performance.spec.ts:30:24

    attachment #1: screenshot (image/png) ──────────────────────────────────────────────────────────
    ../test-results/chromium-nightly-performan-647e9-ge-with-optimal-performance-chromium-stable/test-failed-1.png
    ────────────────────────────────────────────────────────────────────────────────────────────────

    attachment #2: video (video/webm) ──────────────────────────────────────────────────────────────
    ../test-results/chromium-nightly-performan-647e9-ge-with-optimal-performance-chromium-stable/video.webm
    ────────────────────────────────────────────────────────────────────────────────────────────────

    Error Context: ../test-results/chromium-nightly-performan-647e9-ge-with-optimal-performance-chromium-stable/error-context.md
]]>
</failure>
<system-out>
<![CDATA[Page load time: 3403ms

[[ATTACHMENT|test-results/chromium-nightly-performan-647e9-ge-with-optimal-performance-chromium-stable/test-failed-1.png]]

[[ATTACHMENT|test-results/chromium-nightly-performan-647e9-ge-with-optimal-performance-chromium-stable/video.webm]]

[[ATTACHMENT|test-results/chromium-nightly-performan-647e9-ge-with-optimal-performance-chromium-stable/error-context.md]]
]]>
</system-out>
<system-err>
<![CDATA[(node:81484) Warning: The 'NO_COLOR' env is ignored due to the 'FORCE_COLOR' env being set.
(Use `node --trace-warnings ...` to show where the warning was created)
]]>
</system-err>
</testcase>
<testcase name="Chromium Nightly Performance Tests › should measure memory usage" classname="chromium-nightly-performance.spec.ts" time="5.093">
<failure message="chromium-nightly-performance.spec.ts:33:7 should measure memory usage" type="FAILURE">
<![CDATA[  [chromium-stable] › chromium-nightly-performance.spec.ts:33:7 › Chromium Nightly Performance Tests › should measure memory usage 

    Error: expect(received).toBeLessThan(expected)

    Matcher error: received value must be a number or bigint

    Received has value: undefined

      47 |     
      48 |     // 메모리 사용량이 허용 범위 내인지 확인
    > 49 |     expect(usedJSHeapSize).toBeLessThan(100 * 1024 * 1024); // 100MB 이하
         |                            ^
      50 |   });
      51 |
      52 |   test('should handle navigation efficiently', async ({ page }) => {
        at /Users/m2/MASLABS/www.maslabs.kr/tests/chromium-nightly-performance.spec.ts:49:28

    attachment #1: screenshot (image/png) ──────────────────────────────────────────────────────────
    ../test-results/chromium-nightly-performan-33c5a-should-measure-memory-usage-chromium-stable/test-failed-1.png
    ────────────────────────────────────────────────────────────────────────────────────────────────

    attachment #2: video (video/webm) ──────────────────────────────────────────────────────────────
    ../test-results/chromium-nightly-performan-33c5a-should-measure-memory-usage-chromium-stable/video.webm
    ────────────────────────────────────────────────────────────────────────────────────────────────

    Error Context: ../test-results/chromium-nightly-performan-33c5a-should-measure-memory-usage-chromium-stable/error-context.md
]]>
</failure>
<system-out>
<![CDATA[Memory Metrics: { usedJSHeapSize: [32m'NaN MB'[39m, totalJSHeapSize: [32m'NaN MB'[39m }

[[ATTACHMENT|test-results/chromium-nightly-performan-33c5a-should-measure-memory-usage-chromium-stable/test-failed-1.png]]

[[ATTACHMENT|test-results/chromium-nightly-performan-33c5a-should-measure-memory-usage-chromium-stable/video.webm]]

[[ATTACHMENT|test-results/chromium-nightly-performan-33c5a-should-measure-memory-usage-chromium-stable/error-context.md]]
]]>
</system-out>
<system-err>
<![CDATA[(node:81481) Warning: The 'NO_COLOR' env is ignored due to the 'FORCE_COLOR' env being set.
(Use `node --trace-warnings ...` to show where the warning was created)
]]>
</system-err>
</testcase>
<testcase name="Chromium Nightly Performance Tests › should handle navigation efficiently" classname="chromium-nightly-performance.spec.ts" time="14.414">
<failure message="chromium-nightly-performance.spec.ts:52:7 should handle navigation efficiently" type="FAILURE">
<![CDATA[  [chromium-stable] › chromium-nightly-performance.spec.ts:52:7 › Chromium Nightly Performance Tests › should handle navigation efficiently 

    TimeoutError: page.click: Timeout 10000ms exceeded.
    Call log:
      - waiting for locator('text=대시보드')


      57 |     
      58 |     // 대시보드로 이동
    > 59 |     await page.click('text=대시보드');
         |                ^
      60 |     await page.waitForLoadState('networkidle');
      61 |     
      62 |     const navigationTime = Date.now() - navigationStart;
        at /Users/m2/MASLABS/www.maslabs.kr/tests/chromium-nightly-performance.spec.ts:59:16

    attachment #1: screenshot (image/png) ──────────────────────────────────────────────────────────
    ../test-results/chromium-nightly-performan-b452b-ndle-navigation-efficiently-chromium-stable/test-failed-1.png
    ────────────────────────────────────────────────────────────────────────────────────────────────

    attachment #2: video (video/webm) ──────────────────────────────────────────────────────────────
    ../test-results/chromium-nightly-performan-b452b-ndle-navigation-efficiently-chromium-stable/video.webm
    ────────────────────────────────────────────────────────────────────────────────────────────────

    Error Context: ../test-results/chromium-nightly-performan-b452b-ndle-navigation-efficiently-chromium-stable/error-context.md
]]>
</failure>
<system-out>
<![CDATA[
[[ATTACHMENT|test-results/chromium-nightly-performan-b452b-ndle-navigation-efficiently-chromium-stable/test-failed-1.png]]

[[ATTACHMENT|test-results/chromium-nightly-performan-b452b-ndle-navigation-efficiently-chromium-stable/video.webm]]

[[ATTACHMENT|test-results/chromium-nightly-performan-b452b-ndle-navigation-efficiently-chromium-stable/error-context.md]]
]]>
</system-out>
</testcase>
<testcase name="Chromium Nightly Performance Tests › should optimize resource loading" classname="chromium-nightly-performance.spec.ts" time="4.524">
<failure message="chromium-nightly-performance.spec.ts:71:7 should optimize resource loading" type="FAILURE">
<![CDATA[  [chromium-stable] › chromium-nightly-performance.spec.ts:71:7 › Chromium Nightly Performance Tests › should optimize resource loading 

    Error: toBeVisible can be only used with Locator object

      92 |     
      93 |     // 페이지가 최적화된 상태로 로드되었는지 확인
    > 94 |     await expect(page).toBeVisible();
         |                        ^
      95 |   });
      96 | });
      97 |
        at /Users/m2/MASLABS/www.maslabs.kr/tests/chromium-nightly-performance.spec.ts:94:24

    attachment #1: screenshot (image/png) ──────────────────────────────────────────────────────────
    ../test-results/chromium-nightly-performan-a31be-d-optimize-resource-loading-chromium-stable/test-failed-1.png
    ────────────────────────────────────────────────────────────────────────────────────────────────

    attachment #2: video (video/webm) ──────────────────────────────────────────────────────────────
    ../test-results/chromium-nightly-performan-a31be-d-optimize-resource-loading-chromium-stable/video.webm
    ────────────────────────────────────────────────────────────────────────────────────────────────

    Error Context: ../test-results/chromium-nightly-performan-a31be-d-optimize-resource-loading-chromium-stable/error-context.md
]]>
</failure>
<system-out>
<![CDATA[
[[ATTACHMENT|test-results/chromium-nightly-performan-a31be-d-optimize-resource-loading-chromium-stable/test-failed-1.png]]

[[ATTACHMENT|test-results/chromium-nightly-performan-a31be-d-optimize-resource-loading-chromium-stable/video.webm]]

[[ATTACHMENT|test-results/chromium-nightly-performan-a31be-d-optimize-resource-loading-chromium-stable/error-context.md]]
]]>
</system-out>
</testcase>
</testsuite>
</testsuites>