<testsuites id="" name="" tests="1" failures="0" skipped="0" errors="0" time="27.818765">
<testsuite name="attendance_real_test.spec.ts" timestamp="2025-09-14T01:15:18.758Z" hostname="chromium-stable" tests="1" failures="0" skipped="0" time="25.62" errors="0">
<testcase name="실제 출근 체크 데이터 저장 테스트 › 출근 체크 후 데이터베이스 저장 확인" classname="attendance_real_test.spec.ts" time="25.62">
<system-out>
<![CDATA[🚀 실제 출근 체크 데이터 저장 테스트 시작...

👤 김탁수 출근 체크 테스트...
✅ 김탁수 출근 체크 버튼 클릭

👤 허상원 출근 체크 테스트...
✅ 허상원 출근 체크 버튼 클릭

🔍 관리자 페이지에서 출근 데이터 확인...
✅ 관리자 페이지 로드: MASLABS
📅 오늘 날짜: 2025-09-14
📸 관리자 페이지 스크린샷 저장

🔍 데이터베이스 직접 확인...

🎯 테스트 완료!
==================================================
✅ 출근 체크 기능 테스트 완료
✅ 데이터베이스 저장 확인
✅ 관리자 페이지 접근 확인
]]>
</system-out>
</testcase>
</testsuite>
</testsuites>