<testsuites id="" name="" tests="1" failures="0" skipped="0" errors="0" time="17.593414">
<testsuite name="final_improvements_test.spec.ts" timestamp="2025-09-16T01:14:08.668Z" hostname="chromium-stable" tests="1" failures="0" skipped="0" time="15.664" errors="0">
<testcase name="Final Improvements Test › 주요 개선사항 최종 확인" classname="final_improvements_test.spec.ts" time="15.664">
<system-out>
<![CDATA[✅ 로그인 성공
실제 출근 셀: 실제 출근08:17
✅ 위치 정보 중복 표시 제거 확인
✅ 시간 수정 기능 정상 작동
직원 페이지 출근 시간: 출근: 09/16 08:17
✅ 직원 페이지 시간 표시 정상
✅ 휴식 기능 버튼 확인
🎉 주요 개선사항 모두 확인 완료!
]]>
</system-out>
</testcase>
</testsuite>
</testsuites>