<testsuites id="" name="" tests="2" failures="0" skipped="2" errors="0" time="199.200489">
<testsuite name="location_logic_test.spec.ts" timestamp="2025-09-14T14:08:42.170Z" hostname="chromium-stable" tests="2" failures="0" skipped="2" time="198.296" errors="0">
<testcase name="위치 정보 로직 테스트 › 김탁수 계정으로 출근/퇴근 시 위치 정보 저장 및 표시 확인" classname="location_logic_test.spec.ts" time="198.296">
<skipped>
</skipped>
</testcase>
<testcase name="위치 정보 로직 테스트 › 김탁수 계정으로 휴식 기능 테스트" classname="location_logic_test.spec.ts" time="0">
<skipped>
</skipped>
</testcase>
</testsuite>
</testsuites>